2012-06-13 18:39:05,223 - storagecontroller.FileHandler - DEBUG - array out of bounds!
2012-06-13 18:39:05,262 - logic.JIDLogic - DEBUG - inside execute command
2012-06-13 18:39:05,263 - logic.JIDLogic - DEBUG - inside fourth cond
2012-06-13 18:39:05,274 - operation.Operation - DEBUG - find
2012-06-13 18:39:05,275 - operation.Search - DEBUG - finding objects
2012-06-13 18:39:05,276 - operation.Search - DEBUG - returning all objects
2012-06-13 18:39:05,277 - operation.Search - DEBUG - before sorting
2012-06-13 18:39:05,277 - operation.Search - DEBUG - after sorting
2012-06-13 18:39:05,277 - logic.JIDLogic - DEBUG - Operation feedback:VALID
2012-06-13 18:39:05,277 - logic.JIDLogic - DEBUG - THE OPERATION IS UNDOABLE:false
2012-06-13 18:39:05,323 - gui.reminder.Reminder - DEBUG - true
2012-06-13 18:39:05,324 - logic.JIDLogic - DEBUG - inside execute command
2012-06-13 18:39:05,324 - logic.JIDLogic - DEBUG - inside fourth cond
2012-06-13 18:39:05,324 - operation.Operation - DEBUG - find
2012-06-13 18:39:05,324 - operation.Search - DEBUG - finding objects
2012-06-13 18:39:05,326 - operation.Search - DEBUG - returning all objects
2012-06-13 18:39:05,326 - operation.Search - DEBUG - before sorting
2012-06-13 18:39:05,326 - operation.Search - DEBUG - after sorting
2012-06-13 18:39:05,327 - logic.JIDLogic - DEBUG - Operation feedback:VALID
2012-06-13 18:39:05,327 - logic.JIDLogic - DEBUG - THE OPERATION IS UNDOABLE:false
2012-06-13 18:39:05,327 - gui.reminder.Reminder - DEBUG - 1339581780000
2012-06-13 18:39:05,327 - gui.reminder.Reminder - DEBUG - 1339583945324
2012-06-13 18:39:05,327 - gui.reminder.Reminder - DEBUG - timediff: -2465324
2012-06-13 18:39:05,327 - gui.reminder.Reminder - DEBUG - 1339689599000
2012-06-13 18:39:05,327 - gui.reminder.Reminder - DEBUG - 1339583945324
2012-06-13 18:39:05,328 - gui.reminder.Reminder - DEBUG - timediff: 105353676
2012-06-13 18:39:05,328 - gui.reminder.Reminder - DEBUG - latestTask: ccc on 14 Jun 2012 
2012-06-13 18:39:05,328 - gui.reminder.Reminder - DEBUG - 1339689599000
2012-06-13 18:39:05,328 - gui.reminder.Reminder - DEBUG - 1339583945324
2012-06-13 18:39:05,328 - gui.reminder.Reminder - DEBUG - timediff: 105353676
2012-06-13 18:39:05,329 - gui.reminder.Reminder - DEBUG - setTimer: 105353676
2012-06-13 18:39:08,947 - gui.mainWindow.MainJFrame - DEBUG - ------------------------------
2012-06-13 18:39:08,947 - gui.mainWindow.MainJFrame - DEBUG - curText:a
2012-06-13 18:39:08,947 - gui.mainWindow.MainJFrame - DEBUG - prevText: null
2012-06-13 18:39:08,947 - gui.mainWindow.MainJFrame - DEBUG - state: NULL
2012-06-13 18:39:08,947 - gui.mainWindow.MainJFrame - DEBUG - prev: NULL
2012-06-13 18:39:08,947 - gui.mainWindow.MainJFrame - DEBUG - index: -1
2012-06-13 18:39:09,099 - gui.mainWindow.MainJFrame - DEBUG - ------------------------------
2012-06-13 18:39:09,100 - gui.mainWindow.MainJFrame - DEBUG - curText:ad
2012-06-13 18:39:09,100 - gui.mainWindow.MainJFrame - DEBUG - prevText: a
2012-06-13 18:39:09,100 - gui.mainWindow.MainJFrame - DEBUG - state: NULL
2012-06-13 18:39:09,100 - gui.mainWindow.MainJFrame - DEBUG - prev: NULL
2012-06-13 18:39:09,100 - gui.mainWindow.MainJFrame - DEBUG - index: -1
2012-06-13 18:39:09,276 - gui.mainWindow.MainJFrame - DEBUG - ------------------------------
2012-06-13 18:39:09,276 - gui.mainWindow.MainJFrame - DEBUG - curText:add
2012-06-13 18:39:09,276 - gui.mainWindow.MainJFrame - DEBUG - prevText: ad
2012-06-13 18:39:09,276 - gui.mainWindow.MainJFrame - DEBUG - state: ADD
2012-06-13 18:39:09,277 - gui.mainWindow.MainJFrame - DEBUG - prev: NULL
2012-06-13 18:39:09,277 - gui.mainWindow.MainJFrame - DEBUG - index: -1
2012-06-13 18:39:09,484 - gui.mainWindow.MainJFrame - DEBUG - ------------------------------
2012-06-13 18:39:09,485 - gui.mainWindow.MainJFrame - DEBUG - curText:add 
2012-06-13 18:39:09,485 - gui.mainWindow.MainJFrame - DEBUG - prevText: add
2012-06-13 18:39:09,485 - gui.mainWindow.MainJFrame - DEBUG - state: ADD
2012-06-13 18:39:09,485 - gui.mainWindow.MainJFrame - DEBUG - prev: ADD
2012-06-13 18:39:09,485 - gui.mainWindow.MainJFrame - DEBUG - index: -1
2012-06-13 18:39:09,600 - gui.mainWindow.MainJFrame - DEBUG - ------------------------------
2012-06-13 18:39:09,601 - gui.mainWindow.MainJFrame - DEBUG - curText:add b
2012-06-13 18:39:09,601 - gui.mainWindow.MainJFrame - DEBUG - prevText: add 
2012-06-13 18:39:09,601 - gui.mainWindow.MainJFrame - DEBUG - state: ADD
2012-06-13 18:39:09,601 - gui.mainWindow.MainJFrame - DEBUG - prev: ADD
2012-06-13 18:39:09,601 - gui.mainWindow.MainJFrame - DEBUG - index: -1
2012-06-13 18:39:10,121 - gui.mainWindow.MainJFrame - DEBUG - ------------------------------
2012-06-13 18:39:10,121 - gui.mainWindow.MainJFrame - DEBUG - curText:add bb
2012-06-13 18:39:10,121 - gui.mainWindow.MainJFrame - DEBUG - prevText: add b
2012-06-13 18:39:10,122 - gui.mainWindow.MainJFrame - DEBUG - state: ADD
2012-06-13 18:39:10,122 - gui.mainWindow.MainJFrame - DEBUG - prev: ADD
2012-06-13 18:39:10,122 - gui.mainWindow.MainJFrame - DEBUG - index: -1
2012-06-13 18:39:10,157 - gui.mainWindow.MainJFrame - DEBUG - ------------------------------
2012-06-13 18:39:10,158 - gui.mainWindow.MainJFrame - DEBUG - curText:add bbb
2012-06-13 18:39:10,158 - gui.mainWindow.MainJFrame - DEBUG - prevText: add bb
2012-06-13 18:39:10,158 - gui.mainWindow.MainJFrame - DEBUG - state: ADD
2012-06-13 18:39:10,158 - gui.mainWindow.MainJFrame - DEBUG - prev: ADD
2012-06-13 18:39:10,158 - gui.mainWindow.MainJFrame - DEBUG - index: -1
2012-06-13 18:39:10,194 - gui.mainWindow.MainJFrame - DEBUG - ------------------------------
2012-06-13 18:39:10,194 - gui.mainWindow.MainJFrame - DEBUG - curText:add bbbb
2012-06-13 18:39:10,194 - gui.mainWindow.MainJFrame - DEBUG - prevText: add bbb
2012-06-13 18:39:10,194 - gui.mainWindow.MainJFrame - DEBUG - state: ADD
2012-06-13 18:39:10,194 - gui.mainWindow.MainJFrame - DEBUG - prev: ADD
2012-06-13 18:39:10,194 - gui.mainWindow.MainJFrame - DEBUG - index: -1
2012-06-13 18:39:10,231 - gui.mainWindow.MainJFrame - DEBUG - ------------------------------
2012-06-13 18:39:10,231 - gui.mainWindow.MainJFrame - DEBUG - curText:add bbbbb
2012-06-13 18:39:10,231 - gui.mainWindow.MainJFrame - DEBUG - prevText: add bbbb
2012-06-13 18:39:10,231 - gui.mainWindow.MainJFrame - DEBUG - state: ADD
2012-06-13 18:39:10,231 - gui.mainWindow.MainJFrame - DEBUG - prev: ADD
2012-06-13 18:39:10,231 - gui.mainWindow.MainJFrame - DEBUG - index: -1
2012-06-13 18:39:10,267 - gui.mainWindow.MainJFrame - DEBUG - ------------------------------
2012-06-13 18:39:10,268 - gui.mainWindow.MainJFrame - DEBUG - curText:add bbbbbb
2012-06-13 18:39:10,268 - gui.mainWindow.MainJFrame - DEBUG - prevText: add bbbbb
2012-06-13 18:39:10,268 - gui.mainWindow.MainJFrame - DEBUG - state: ADD
2012-06-13 18:39:10,268 - gui.mainWindow.MainJFrame - DEBUG - prev: ADD
2012-06-13 18:39:10,268 - gui.mainWindow.MainJFrame - DEBUG - index: -1
2012-06-13 18:39:10,304 - gui.mainWindow.MainJFrame - DEBUG - ------------------------------
2012-06-13 18:39:10,305 - gui.mainWindow.MainJFrame - DEBUG - curText:add bbbbbbb
2012-06-13 18:39:10,305 - gui.mainWindow.MainJFrame - DEBUG - prevText: add bbbbbb
2012-06-13 18:39:10,305 - gui.mainWindow.MainJFrame - DEBUG - state: ADD
2012-06-13 18:39:10,305 - gui.mainWindow.MainJFrame - DEBUG - prev: ADD
2012-06-13 18:39:10,305 - gui.mainWindow.MainJFrame - DEBUG - index: -1
2012-06-13 18:39:10,401 - gui.mainWindow.MainJFrame - DEBUG - ------------------------------
2012-06-13 18:39:10,401 - gui.mainWindow.MainJFrame - DEBUG - curText:add bbbbbbb 
2012-06-13 18:39:10,402 - gui.mainWindow.MainJFrame - DEBUG - prevText: add bbbbbbb
2012-06-13 18:39:10,402 - gui.mainWindow.MainJFrame - DEBUG - state: ADD
2012-06-13 18:39:10,402 - gui.mainWindow.MainJFrame - DEBUG - prev: ADD
2012-06-13 18:39:10,402 - gui.mainWindow.MainJFrame - DEBUG - index: -1
2012-06-13 18:39:10,507 - gui.mainWindow.MainJFrame - DEBUG - ------------------------------
2012-06-13 18:39:10,507 - gui.mainWindow.MainJFrame - DEBUG - curText:add bbbbbbb t
2012-06-13 18:39:10,507 - gui.mainWindow.MainJFrame - DEBUG - prevText: add bbbbbbb 
2012-06-13 18:39:10,508 - gui.mainWindow.MainJFrame - DEBUG - state: ADD
2012-06-13 18:39:10,508 - gui.mainWindow.MainJFrame - DEBUG - prev: ADD
2012-06-13 18:39:10,508 - gui.mainWindow.MainJFrame - DEBUG - index: -1
2012-06-13 18:39:10,575 - gui.mainWindow.MainJFrame - DEBUG - ------------------------------
2012-06-13 18:39:10,575 - gui.mainWindow.MainJFrame - DEBUG - curText:add bbbbbbb tm
2012-06-13 18:39:10,575 - gui.mainWindow.MainJFrame - DEBUG - prevText: add bbbbbbb t
2012-06-13 18:39:10,576 - gui.mainWindow.MainJFrame - DEBUG - state: ADD
2012-06-13 18:39:10,576 - gui.mainWindow.MainJFrame - DEBUG - prev: ADD
2012-06-13 18:39:10,576 - gui.mainWindow.MainJFrame - DEBUG - index: -1
2012-06-13 18:39:10,685 - gui.mainWindow.MainJFrame - DEBUG - ------------------------------
2012-06-13 18:39:10,686 - gui.mainWindow.MainJFrame - DEBUG - curText:add bbbbbbb tmr
2012-06-13 18:39:10,686 - gui.mainWindow.MainJFrame - DEBUG - prevText: add bbbbbbb tm
2012-06-13 18:39:10,686 - gui.mainWindow.MainJFrame - DEBUG - state: ADD
2012-06-13 18:39:10,686 - gui.mainWindow.MainJFrame - DEBUG - prev: ADD
2012-06-13 18:39:10,686 - gui.mainWindow.MainJFrame - DEBUG - index: -1
2012-06-13 18:39:10,797 - gui.mainWindow.MainJFrame - DEBUG - ------------------------------
2012-06-13 18:39:10,797 - gui.mainWindow.MainJFrame - DEBUG - curText:add bbbbbbb tmr
2012-06-13 18:39:10,797 - gui.mainWindow.MainJFrame - DEBUG - prevText: add bbbbbbb tmr
2012-06-13 18:39:10,797 - gui.mainWindow.MainJFrame - DEBUG - state: ADD
2012-06-13 18:39:10,797 - gui.mainWindow.MainJFrame - DEBUG - prev: ADD
2012-06-13 18:39:10,797 - gui.mainWindow.MainJFrame - DEBUG - index: -1
2012-06-13 18:39:10,798 - gui.mainWindow.MainJFrame - DEBUG - *********************enter
2012-06-13 18:39:10,798 - gui.mainWindow.MainJFrame - WARN - execute in default + exeCmd
2012-06-13 18:39:10,798 - gui.mainWindow.MainJFrame - DEBUG - ******setCmd: ADD
2012-06-13 18:39:10,798 - gui.mainWindow.MainJFrame - DEBUG - ********exeCmd: add bbbbbbb tmr
2012-06-13 18:39:10,798 - logic.JIDLogic - DEBUG - inside execute command
2012-06-13 18:39:10,799 - logic.JIDLogic - DEBUG - inside fourth cond
2012-06-13 18:39:10,799 - operation.Operation - DEBUG - add
2012-06-13 18:39:10,805 - parser.Parser - DEBUG - this task is not recurring
2012-06-13 18:39:10,806 - parser.Parser - DEBUG - left over string after checking for recurring: bbbbbbb tmr
2012-06-13 18:39:10,837 - parser.Parser - DEBUG - -----date only format-------
2012-06-13 18:39:10,838 - parser.Parser - DEBUG - group 0:  tmr
2012-06-13 18:39:10,838 - parser.Parser - DEBUG - group 1: tmr
2012-06-13 18:39:10,838 - parser.Parser - DEBUG - group 2: null
2012-06-13 18:39:10,838 - parser.Parser - DEBUG - group 3: null
2012-06-13 18:39:10,838 - parser.Parser - DEBUG - group 4: null
2012-06-13 18:39:10,838 - parser.Parser - DEBUG - group 5: tmr
2012-06-13 18:39:10,838 - parser.Parser - DEBUG - group 6: null
2012-06-13 18:39:10,838 - parser.Parser - DEBUG - group 7: null
2012-06-13 18:39:10,838 - parser.Parser - DEBUG - group 8: null
2012-06-13 18:39:10,839 - parser.Parser - DEBUG - group 9: null
2012-06-13 18:39:10,839 - parser.Parser - DEBUG - group 10: null
2012-06-13 18:39:10,839 - parser.Parser - DEBUG - group 11: null
2012-06-13 18:39:10,839 - parser.Parser - DEBUG - group 12: null
2012-06-13 18:39:10,839 - parser.Parser - DEBUG - group 13: null
2012-06-13 18:39:10,839 - parser.Parser - DEBUG - group 14: null
2012-06-13 18:39:10,839 - parser.Parser - DEBUG - group 15: null
2012-06-13 18:39:10,839 - parser.Parser - DEBUG - group 16: null
2012-06-13 18:39:10,839 - parser.Parser - DEBUG - group 17: null
2012-06-13 18:39:10,840 - parser.Parser - DEBUG - group 18: null
2012-06-13 18:39:10,840 - parser.Parser - DEBUG - group 19: null
2012-06-13 18:39:10,840 - parser.Parser - DEBUG - group 20: null
2012-06-13 18:39:10,840 - parser.Parser - DEBUG - group 21: null
2012-06-13 18:39:10,840 - parser.Parser - DEBUG - group 22: null
2012-06-13 18:39:10,840 - parser.Parser - DEBUG - group 23: null
2012-06-13 18:39:10,840 - parser.Parser - DEBUG - group 24: null
2012-06-13 18:39:10,840 - parser.Parser - DEBUG - group 25: null
2012-06-13 18:39:10,841 - parser.Parser - DEBUG - group 26: null
2012-06-13 18:39:10,841 - parser.Parser - DEBUG - group 27: null
2012-06-13 18:39:10,841 - parser.Parser - DEBUG - group 28: null
2012-06-13 18:39:10,841 - parser.Parser - DEBUG - group 29: null
2012-06-13 18:39:10,841 - parser.Parser - DEBUG - group 30: null
2012-06-13 18:39:10,841 - parser.Parser - DEBUG - group 31: null
2012-06-13 18:39:10,841 - parser.Parser - DEBUG - group 32: null
2012-06-13 18:39:10,841 - parser.Parser - DEBUG - group 33: null
2012-06-13 18:39:10,841 - parser.Parser - DEBUG - group 34: null
2012-06-13 18:39:10,842 - parser.Parser - DEBUG - group 35: null
2012-06-13 18:39:10,842 - parser.Parser - DEBUG - group 36: null
2012-06-13 18:39:10,842 - parser.Parser - DEBUG - group 37: null
2012-06-13 18:39:10,842 - parser.Parser - DEBUG - group 38: null
2012-06-13 18:39:10,842 - parser.Parser - DEBUG - group 39: null
2012-06-13 18:39:10,842 - parser.Parser - DEBUG - group 40: null
2012-06-13 18:39:10,842 - parser.Parser - DEBUG - group 41: null
2012-06-13 18:39:10,842 - parser.Parser - DEBUG - group 42: null
2012-06-13 18:39:10,842 - parser.Parser - DEBUG - group 43: null
2012-06-13 18:39:10,843 - parser.Parser - DEBUG - group 44: null
2012-06-13 18:39:10,843 - parser.Parser - DEBUG - group 45: null
2012-06-13 18:39:10,843 - parser.Parser - DEBUG - group 46: null
2012-06-13 18:39:10,843 - parser.Parser - DEBUG - group 47: null
2012-06-13 18:39:10,843 - parser.Parser - DEBUG - group 48: null
2012-06-13 18:39:10,843 - parser.Parser - DEBUG - group 49: null
2012-06-13 18:39:10,843 - parser.Parser - DEBUG - group 50: null
2012-06-13 18:39:10,843 - parser.Parser - DEBUG - group 51: null
2012-06-13 18:39:10,844 - parser.Parser - DEBUG - group 52: null
2012-06-13 18:39:10,844 - parser.Parser - DEBUG - group 53: null
2012-06-13 18:39:10,844 - parser.Parser - DEBUG - group 54: null
2012-06-13 18:39:10,844 - parser.Parser - DEBUG - group 55: null
2012-06-13 18:39:10,844 - parser.Parser - DEBUG - group 56: null
2012-06-13 18:39:10,844 - parser.Parser - DEBUG - group 57: null
2012-06-13 18:39:10,844 - parser.Parser - DEBUG - group 58: null
2012-06-13 18:39:10,844 - parser.Parser - DEBUG - group 59: null
2012-06-13 18:39:10,845 - parser.Parser - DEBUG - group 60: null
2012-06-13 18:39:10,845 - parser.Parser - DEBUG - group 61: null
2012-06-13 18:39:10,845 - parser.Parser - DEBUG - group 62: null
2012-06-13 18:39:10,845 - parser.Parser - DEBUG - group 63: null
2012-06-13 18:39:10,845 - parser.Parser - DEBUG - group 64: null
2012-06-13 18:39:10,845 - parser.Parser - DEBUG - group 65: null
2012-06-13 18:39:10,845 - parser.Parser - DEBUG - group 66: null
2012-06-13 18:39:10,857 - parser.Parser - DEBUG - group 67: null
2012-06-13 18:39:10,857 - parser.Parser - DEBUG - group 68: null
2012-06-13 18:39:10,857 - parser.Parser - DEBUG - group 69: null
2012-06-13 18:39:10,857 - parser.Parser - DEBUG - group 70: null
2012-06-13 18:39:10,858 - parser.Parser - DEBUG - group 71: null
2012-06-13 18:39:10,858 - parser.Parser - DEBUG - group 72: null
2012-06-13 18:39:10,858 - parser.Parser - DEBUG - group 73: null
2012-06-13 18:39:10,858 - parser.Parser - DEBUG - group 74: tmr
2012-06-13 18:39:10,858 - parser.Parser - DEBUG - group 75: null
2012-06-13 18:39:10,858 - parser.Parser - DEBUG - group 76: null
2012-06-13 18:39:10,859 - parser.Parser - DEBUG - group 77: tmr
2012-06-13 18:39:10,859 - parser.Parser - DEBUG - group 78: tmr
2012-06-13 18:39:10,859 - parser.Parser - DEBUG - group 79: null
2012-06-13 18:39:10,859 - parser.Parser - DEBUG - group 80: null
2012-06-13 18:39:10,859 - parser.Parser - DEBUG - group 81: null
2012-06-13 18:39:10,859 - parser.Parser - DEBUG - group 82: null
2012-06-13 18:39:10,860 - parser.Parser - DEBUG - start date string: tmr
2012-06-13 18:39:10,860 - parser.Parser - DEBUG - Start time could NOT be set!
2012-06-13 18:39:10,860 - parser.Parser - DEBUG - End time could NOT be set!
2012-06-13 18:39:10,861 - parser.DateParser - DEBUG - dummyDay:14
2012-06-13 18:39:10,861 - parser.DateParser - DEBUG - dummyMonth:6
2012-06-13 18:39:10,861 - parser.DateParser - DEBUG - dummyYear:2012
2012-06-13 18:39:10,861 - parser.Parser - DEBUG - Start date is set!
2012-06-13 18:39:10,861 - parser.Parser - DEBUG - End date could NOT be set!
2012-06-13 18:39:10,862 - parser.Parser - DEBUG - time/date extracted!
2012-06-13 18:39:10,862 - parser.Parser - DEBUG - start date time: 14 Jun 2012
2012-06-13 18:39:10,862 - parser.Parser - DEBUG - -------post extraction TESTING-------
2012-06-13 18:39:10,862 - parser.Parser - DEBUG - this task does NOT have deadline!
2012-06-13 18:39:10,863 - parser.Parser - DEBUG - is NOT important!
2012-06-13 18:39:10,863 - parser.Parser - DEBUG - it is not recurring
2012-06-13 18:39:10,863 - parser.Parser - DEBUG - task details: bbbbbbb
2012-06-13 18:39:10,863 - parser.Parser - DEBUG - this is parse for ADD before initializing task[]
2012-06-13 18:39:10,863 - parser.Parser - DEBUG - -----------fetchTaskArray() is called!-------------
2012-06-13 18:39:10,864 - parser.Parser - DEBUG - any error?: VALID
2012-06-13 18:39:10,864 - parser.Parser - DEBUG - recurring: null
2012-06-13 18:39:10,864 - parser.Parser - DEBUG - recurring times: -1
2012-06-13 18:39:10,864 - parser.Parser - DEBUG - task number 1: bbbbbbb on 14 Jun 2012 
2012-06-13 18:39:10,865 - logic.JIDLogic - DEBUG - Operation feedback:VALID
2012-06-13 18:39:10,865 - logic.JIDLogic - DEBUG - THE OPERATION IS UNDOABLE:true
2012-06-13 18:39:10,865 - logic.JIDLogic - DEBUG - isundoable
2012-06-13 18:39:10,866 - gui.mainWindow.MainJFrame - DEBUG - -----------------POPUP-----------------------
2012-06-13 18:39:10,905 - logic.JIDLogic - DEBUG - inside execute command
2012-06-13 18:39:10,906 - logic.JIDLogic - DEBUG - inside fourth cond
2012-06-13 18:39:10,906 - operation.Operation - DEBUG - find
2012-06-13 18:39:10,906 - operation.Search - DEBUG - finding objects
2012-06-13 18:39:10,906 - operation.Search - DEBUG - returning all objects
2012-06-13 18:39:10,907 - operation.Search - DEBUG - before sorting
2012-06-13 18:39:10,908 - operation.Search - DEBUG - after sorting
2012-06-13 18:39:10,908 - logic.JIDLogic - DEBUG - Operation feedback:VALID
2012-06-13 18:39:10,908 - logic.JIDLogic - DEBUG - THE OPERATION IS UNDOABLE:false
2012-06-13 18:39:10,909 - gui.reminder.Reminder - DEBUG - 1339581780000
2012-06-13 18:39:10,909 - gui.reminder.Reminder - DEBUG - 1339583950905
2012-06-13 18:39:10,909 - gui.reminder.Reminder - DEBUG - timediff: -2470905
2012-06-13 18:39:10,909 - gui.reminder.Reminder - DEBUG - 1339689599000
2012-06-13 18:39:10,909 - gui.reminder.Reminder - DEBUG - 1339583950905
2012-06-13 18:39:10,910 - gui.reminder.Reminder - DEBUG - timediff: 105348095
2012-06-13 18:39:10,910 - gui.reminder.Reminder - DEBUG - latestTask: bbbbbbb on 14 Jun 2012 
2012-06-13 18:39:10,910 - gui.reminder.Reminder - DEBUG - 1339689599000
2012-06-13 18:39:10,910 - gui.reminder.Reminder - DEBUG - 1339583950905
2012-06-13 18:39:10,911 - gui.reminder.Reminder - DEBUG - timediff: 105348095
2012-06-13 18:39:10,911 - gui.reminder.Reminder - DEBUG - setTimer: 105348095
2012-06-13 18:39:11,006 - logic.JIDLogic - DEBUG - inside execute command
2012-06-13 18:39:11,006 - logic.JIDLogic - DEBUG - inside fourth cond
2012-06-13 18:39:11,006 - operation.Operation - DEBUG - find
2012-06-13 18:39:11,007 - operation.Search - DEBUG - finding objects
2012-06-13 18:39:11,007 - operation.Search - DEBUG - returning all objects
2012-06-13 18:39:11,007 - operation.Search - DEBUG - before sorting
2012-06-13 18:39:11,007 - operation.Search - DEBUG - after sorting
2012-06-13 18:39:11,007 - logic.JIDLogic - DEBUG - Operation feedback:VALID
2012-06-13 18:39:11,007 - logic.JIDLogic - DEBUG - THE OPERATION IS UNDOABLE:false
2012-06-13 18:39:14,460 - storagecontroller.FileHandler - DEBUG - 5
2012-06-13 18:39:14,509 - storagecontroller.FileHandler - DEBUG - 2
